[2026-01-15T17:25:09.337+0000] {processor.py:161} INFO - Started process (PID=143) to work on /opt/airflow/dags/dag_prediction_feu.py
[2026-01-15T17:25:09.338+0000] {processor.py:830} INFO - Processing file /opt/airflow/dags/dag_prediction_feu.py for tasks to queue
[2026-01-15T17:25:09.339+0000] {logging_mixin.py:188} INFO - [2026-01-15T17:25:09.339+0000] {dagbag.py:545} INFO - Filling up the DagBag from /opt/airflow/dags/dag_prediction_feu.py
[2026-01-15T17:25:11.560+0000] {processor.py:840} INFO - DAG(s) 'prediction_risque_incendie_corse' retrieved from /opt/airflow/dags/dag_prediction_feu.py
[2026-01-15T17:25:11.703+0000] {logging_mixin.py:188} INFO - [2026-01-15T17:25:11.702+0000] {override.py:1829} INFO - Created Permission View: can delete on DAG:prediction_risque_incendie_corse
[2026-01-15T17:25:11.714+0000] {logging_mixin.py:188} INFO - [2026-01-15T17:25:11.714+0000] {override.py:1829} INFO - Created Permission View: can edit on DAG:prediction_risque_incendie_corse
[2026-01-15T17:25:11.722+0000] {logging_mixin.py:188} INFO - [2026-01-15T17:25:11.722+0000] {override.py:1829} INFO - Created Permission View: can read on DAG:prediction_risque_incendie_corse
[2026-01-15T17:25:11.724+0000] {logging_mixin.py:188} INFO - [2026-01-15T17:25:11.723+0000] {dag.py:3096} INFO - Sync 1 DAGs
[2026-01-15T17:25:11.738+0000] {logging_mixin.py:188} INFO - [2026-01-15T17:25:11.738+0000] {dag.py:3118} INFO - Creating ORM DAG for prediction_risque_incendie_corse
[2026-01-15T17:25:11.739+0000] {logging_mixin.py:188} INFO - [2026-01-15T17:25:11.739+0000] {dag.py:3954} INFO - Setting next_dagrun for prediction_risque_incendie_corse to None, run_after=None
[2026-01-15T17:25:11.771+0000] {processor.py:183} INFO - Processing /opt/airflow/dags/dag_prediction_feu.py took 2.438 seconds
[2026-01-15T17:25:42.015+0000] {processor.py:161} INFO - Started process (PID=148) to work on /opt/airflow/dags/dag_prediction_feu.py
[2026-01-15T17:25:42.016+0000] {processor.py:830} INFO - Processing file /opt/airflow/dags/dag_prediction_feu.py for tasks to queue
[2026-01-15T17:25:42.017+0000] {logging_mixin.py:188} INFO - [2026-01-15T17:25:42.017+0000] {dagbag.py:545} INFO - Filling up the DagBag from /opt/airflow/dags/dag_prediction_feu.py
[2026-01-15T17:25:42.910+0000] {processor.py:840} INFO - DAG(s) 'prediction_risque_incendie_corse' retrieved from /opt/airflow/dags/dag_prediction_feu.py
[2026-01-15T17:25:42.938+0000] {logging_mixin.py:188} INFO - [2026-01-15T17:25:42.937+0000] {dag.py:3096} INFO - Sync 1 DAGs
[2026-01-15T17:25:42.953+0000] {logging_mixin.py:188} INFO - [2026-01-15T17:25:42.952+0000] {dag.py:3954} INFO - Setting next_dagrun for prediction_risque_incendie_corse to None, run_after=None
[2026-01-15T17:25:42.972+0000] {processor.py:183} INFO - Processing /opt/airflow/dags/dag_prediction_feu.py took 0.961 seconds
[2026-01-15T17:26:13.298+0000] {processor.py:161} INFO - Started process (PID=153) to work on /opt/airflow/dags/dag_prediction_feu.py
[2026-01-15T17:26:13.298+0000] {processor.py:830} INFO - Processing file /opt/airflow/dags/dag_prediction_feu.py for tasks to queue
[2026-01-15T17:26:13.299+0000] {logging_mixin.py:188} INFO - [2026-01-15T17:26:13.299+0000] {dagbag.py:545} INFO - Filling up the DagBag from /opt/airflow/dags/dag_prediction_feu.py
[2026-01-15T17:26:14.039+0000] {processor.py:840} INFO - DAG(s) 'prediction_risque_incendie_corse' retrieved from /opt/airflow/dags/dag_prediction_feu.py
[2026-01-15T17:26:14.065+0000] {logging_mixin.py:188} INFO - [2026-01-15T17:26:14.065+0000] {dag.py:3096} INFO - Sync 1 DAGs
[2026-01-15T17:26:14.090+0000] {logging_mixin.py:188} INFO - [2026-01-15T17:26:14.089+0000] {dag.py:3954} INFO - Setting next_dagrun for prediction_risque_incendie_corse to None, run_after=None
[2026-01-15T17:26:14.107+0000] {processor.py:183} INFO - Processing /opt/airflow/dags/dag_prediction_feu.py took 0.813 seconds
[2026-01-15T17:26:44.426+0000] {processor.py:161} INFO - Started process (PID=158) to work on /opt/airflow/dags/dag_prediction_feu.py
[2026-01-15T17:26:44.427+0000] {processor.py:830} INFO - Processing file /opt/airflow/dags/dag_prediction_feu.py for tasks to queue
[2026-01-15T17:26:44.427+0000] {logging_mixin.py:188} INFO - [2026-01-15T17:26:44.427+0000] {dagbag.py:545} INFO - Filling up the DagBag from /opt/airflow/dags/dag_prediction_feu.py
[2026-01-15T17:26:45.328+0000] {processor.py:840} INFO - DAG(s) 'prediction_risque_incendie_corse' retrieved from /opt/airflow/dags/dag_prediction_feu.py
[2026-01-15T17:26:45.349+0000] {logging_mixin.py:188} INFO - [2026-01-15T17:26:45.348+0000] {dag.py:3096} INFO - Sync 1 DAGs
[2026-01-15T17:26:45.360+0000] {logging_mixin.py:188} INFO - [2026-01-15T17:26:45.360+0000] {dag.py:3954} INFO - Setting next_dagrun for prediction_risque_incendie_corse to None, run_after=None
[2026-01-15T17:26:45.377+0000] {processor.py:183} INFO - Processing /opt/airflow/dags/dag_prediction_feu.py took 0.955 seconds
[2026-01-15T17:27:15.844+0000] {processor.py:161} INFO - Started process (PID=163) to work on /opt/airflow/dags/dag_prediction_feu.py
[2026-01-15T17:27:15.845+0000] {processor.py:830} INFO - Processing file /opt/airflow/dags/dag_prediction_feu.py for tasks to queue
[2026-01-15T17:27:15.846+0000] {logging_mixin.py:188} INFO - [2026-01-15T17:27:15.846+0000] {dagbag.py:545} INFO - Filling up the DagBag from /opt/airflow/dags/dag_prediction_feu.py
[2026-01-15T17:27:16.613+0000] {processor.py:840} INFO - DAG(s) 'prediction_risque_incendie_corse' retrieved from /opt/airflow/dags/dag_prediction_feu.py
[2026-01-15T17:27:16.633+0000] {logging_mixin.py:188} INFO - [2026-01-15T17:27:16.633+0000] {dag.py:3096} INFO - Sync 1 DAGs
[2026-01-15T17:27:16.642+0000] {logging_mixin.py:188} INFO - [2026-01-15T17:27:16.642+0000] {dag.py:3954} INFO - Setting next_dagrun for prediction_risque_incendie_corse to None, run_after=None
[2026-01-15T17:27:16.665+0000] {processor.py:183} INFO - Processing /opt/airflow/dags/dag_prediction_feu.py took 0.824 seconds
[2026-01-15T17:27:30.813+0000] {processor.py:161} INFO - Started process (PID=167) to work on /opt/airflow/dags/dag_prediction_feu.py
[2026-01-15T17:27:30.814+0000] {processor.py:830} INFO - Processing file /opt/airflow/dags/dag_prediction_feu.py for tasks to queue
[2026-01-15T17:27:30.815+0000] {logging_mixin.py:188} INFO - [2026-01-15T17:27:30.815+0000] {dagbag.py:545} INFO - Filling up the DagBag from /opt/airflow/dags/dag_prediction_feu.py
[2026-01-15T17:27:31.592+0000] {processor.py:840} INFO - DAG(s) 'prediction_risque_incendie_corse' retrieved from /opt/airflow/dags/dag_prediction_feu.py
[2026-01-15T17:27:31.612+0000] {logging_mixin.py:188} INFO - [2026-01-15T17:27:31.612+0000] {dag.py:3096} INFO - Sync 1 DAGs
[2026-01-15T17:27:31.621+0000] {logging_mixin.py:188} INFO - [2026-01-15T17:27:31.620+0000] {dag.py:3954} INFO - Setting next_dagrun for prediction_risque_incendie_corse to None, run_after=None
[2026-01-15T17:27:31.639+0000] {processor.py:183} INFO - Processing /opt/airflow/dags/dag_prediction_feu.py took 0.831 seconds
[2026-01-15T17:27:32.700+0000] {processor.py:161} INFO - Started process (PID=171) to work on /opt/airflow/dags/dag_prediction_feu.py
[2026-01-15T17:27:32.701+0000] {processor.py:830} INFO - Processing file /opt/airflow/dags/dag_prediction_feu.py for tasks to queue
[2026-01-15T17:27:32.702+0000] {logging_mixin.py:188} INFO - [2026-01-15T17:27:32.702+0000] {dagbag.py:545} INFO - Filling up the DagBag from /opt/airflow/dags/dag_prediction_feu.py
[2026-01-15T17:27:33.494+0000] {processor.py:840} INFO - DAG(s) 'prediction_risque_incendie_corse' retrieved from /opt/airflow/dags/dag_prediction_feu.py
[2026-01-15T17:27:33.529+0000] {logging_mixin.py:188} INFO - [2026-01-15T17:27:33.528+0000] {dag.py:3096} INFO - Sync 1 DAGs
[2026-01-15T17:27:33.539+0000] {logging_mixin.py:188} INFO - [2026-01-15T17:27:33.538+0000] {dag.py:3954} INFO - Setting next_dagrun for prediction_risque_incendie_corse to None, run_after=None
[2026-01-15T17:27:33.563+0000] {processor.py:183} INFO - Processing /opt/airflow/dags/dag_prediction_feu.py took 0.867 seconds
[2026-01-15T17:27:35.988+0000] {processor.py:161} INFO - Started process (PID=175) to work on /opt/airflow/dags/dag_prediction_feu.py
[2026-01-15T17:27:35.990+0000] {processor.py:830} INFO - Processing file /opt/airflow/dags/dag_prediction_feu.py for tasks to queue
[2026-01-15T17:27:35.991+0000] {logging_mixin.py:188} INFO - [2026-01-15T17:27:35.990+0000] {dagbag.py:545} INFO - Filling up the DagBag from /opt/airflow/dags/dag_prediction_feu.py
[2026-01-15T17:27:36.778+0000] {processor.py:840} INFO - DAG(s) 'prediction_risque_incendie_corse' retrieved from /opt/airflow/dags/dag_prediction_feu.py
[2026-01-15T17:27:36.800+0000] {logging_mixin.py:188} INFO - [2026-01-15T17:27:36.799+0000] {dag.py:3096} INFO - Sync 1 DAGs
[2026-01-15T17:27:36.809+0000] {logging_mixin.py:188} INFO - [2026-01-15T17:27:36.809+0000] {dag.py:3954} INFO - Setting next_dagrun for prediction_risque_incendie_corse to None, run_after=None
[2026-01-15T17:27:36.838+0000] {processor.py:183} INFO - Processing /opt/airflow/dags/dag_prediction_feu.py took 0.854 seconds
[2026-01-15T17:28:06.907+0000] {processor.py:161} INFO - Started process (PID=180) to work on /opt/airflow/dags/dag_prediction_feu.py
[2026-01-15T17:28:06.908+0000] {processor.py:830} INFO - Processing file /opt/airflow/dags/dag_prediction_feu.py for tasks to queue
[2026-01-15T17:28:06.908+0000] {logging_mixin.py:188} INFO - [2026-01-15T17:28:06.908+0000] {dagbag.py:545} INFO - Filling up the DagBag from /opt/airflow/dags/dag_prediction_feu.py
[2026-01-15T17:28:07.762+0000] {processor.py:840} INFO - DAG(s) 'prediction_risque_incendie_corse' retrieved from /opt/airflow/dags/dag_prediction_feu.py
[2026-01-15T17:28:07.782+0000] {logging_mixin.py:188} INFO - [2026-01-15T17:28:07.782+0000] {dag.py:3096} INFO - Sync 1 DAGs
[2026-01-15T17:28:07.792+0000] {logging_mixin.py:188} INFO - [2026-01-15T17:28:07.792+0000] {dag.py:3954} INFO - Setting next_dagrun for prediction_risque_incendie_corse to None, run_after=None
[2026-01-15T17:28:07.821+0000] {processor.py:183} INFO - Processing /opt/airflow/dags/dag_prediction_feu.py took 0.920 seconds
[2026-01-15T17:28:38.198+0000] {processor.py:161} INFO - Started process (PID=185) to work on /opt/airflow/dags/dag_prediction_feu.py
[2026-01-15T17:28:38.199+0000] {processor.py:830} INFO - Processing file /opt/airflow/dags/dag_prediction_feu.py for tasks to queue
[2026-01-15T17:28:38.200+0000] {logging_mixin.py:188} INFO - [2026-01-15T17:28:38.200+0000] {dagbag.py:545} INFO - Filling up the DagBag from /opt/airflow/dags/dag_prediction_feu.py
[2026-01-15T17:28:39.125+0000] {processor.py:840} INFO - DAG(s) 'prediction_risque_incendie_corse' retrieved from /opt/airflow/dags/dag_prediction_feu.py
[2026-01-15T17:28:39.146+0000] {logging_mixin.py:188} INFO - [2026-01-15T17:28:39.145+0000] {dag.py:3096} INFO - Sync 1 DAGs
[2026-01-15T17:28:39.155+0000] {logging_mixin.py:188} INFO - [2026-01-15T17:28:39.154+0000] {dag.py:3954} INFO - Setting next_dagrun for prediction_risque_incendie_corse to None, run_after=None
[2026-01-15T17:28:39.172+0000] {processor.py:183} INFO - Processing /opt/airflow/dags/dag_prediction_feu.py took 0.979 seconds
[2026-01-15T17:29:09.514+0000] {processor.py:161} INFO - Started process (PID=190) to work on /opt/airflow/dags/dag_prediction_feu.py
[2026-01-15T17:29:09.515+0000] {processor.py:830} INFO - Processing file /opt/airflow/dags/dag_prediction_feu.py for tasks to queue
[2026-01-15T17:29:09.516+0000] {logging_mixin.py:188} INFO - [2026-01-15T17:29:09.516+0000] {dagbag.py:545} INFO - Filling up the DagBag from /opt/airflow/dags/dag_prediction_feu.py
[2026-01-15T17:29:10.373+0000] {processor.py:840} INFO - DAG(s) 'prediction_risque_incendie_corse' retrieved from /opt/airflow/dags/dag_prediction_feu.py
[2026-01-15T17:29:10.397+0000] {logging_mixin.py:188} INFO - [2026-01-15T17:29:10.397+0000] {dag.py:3096} INFO - Sync 1 DAGs
[2026-01-15T17:29:10.407+0000] {logging_mixin.py:188} INFO - [2026-01-15T17:29:10.407+0000] {dag.py:3954} INFO - Setting next_dagrun for prediction_risque_incendie_corse to None, run_after=None
[2026-01-15T17:29:10.433+0000] {processor.py:183} INFO - Processing /opt/airflow/dags/dag_prediction_feu.py took 0.923 seconds
[2026-01-15T17:29:13.513+0000] {processor.py:161} INFO - Started process (PID=194) to work on /opt/airflow/dags/dag_prediction_feu.py
[2026-01-15T17:29:13.514+0000] {processor.py:830} INFO - Processing file /opt/airflow/dags/dag_prediction_feu.py for tasks to queue
[2026-01-15T17:29:13.515+0000] {logging_mixin.py:188} INFO - [2026-01-15T17:29:13.515+0000] {dagbag.py:545} INFO - Filling up the DagBag from /opt/airflow/dags/dag_prediction_feu.py
[2026-01-15T17:29:14.320+0000] {processor.py:840} INFO - DAG(s) 'prediction_risque_incendie_corse' retrieved from /opt/airflow/dags/dag_prediction_feu.py
[2026-01-15T17:29:14.341+0000] {logging_mixin.py:188} INFO - [2026-01-15T17:29:14.341+0000] {dag.py:3096} INFO - Sync 1 DAGs
[2026-01-15T17:29:14.351+0000] {logging_mixin.py:188} INFO - [2026-01-15T17:29:14.351+0000] {dag.py:3954} INFO - Setting next_dagrun for prediction_risque_incendie_corse to None, run_after=None
[2026-01-15T17:29:14.381+0000] {processor.py:183} INFO - Processing /opt/airflow/dags/dag_prediction_feu.py took 0.873 seconds
[2026-01-15T17:29:17.754+0000] {processor.py:161} INFO - Started process (PID=198) to work on /opt/airflow/dags/dag_prediction_feu.py
[2026-01-15T17:29:17.755+0000] {processor.py:830} INFO - Processing file /opt/airflow/dags/dag_prediction_feu.py for tasks to queue
[2026-01-15T17:29:17.756+0000] {logging_mixin.py:188} INFO - [2026-01-15T17:29:17.755+0000] {dagbag.py:545} INFO - Filling up the DagBag from /opt/airflow/dags/dag_prediction_feu.py
[2026-01-15T17:29:18.662+0000] {processor.py:840} INFO - DAG(s) 'prediction_risque_incendie_corse' retrieved from /opt/airflow/dags/dag_prediction_feu.py
[2026-01-15T17:29:18.683+0000] {logging_mixin.py:188} INFO - [2026-01-15T17:29:18.682+0000] {dag.py:3096} INFO - Sync 1 DAGs
[2026-01-15T17:29:18.692+0000] {logging_mixin.py:188} INFO - [2026-01-15T17:29:18.692+0000] {dag.py:3954} INFO - Setting next_dagrun for prediction_risque_incendie_corse to None, run_after=None
[2026-01-15T17:29:18.744+0000] {processor.py:183} INFO - Processing /opt/airflow/dags/dag_prediction_feu.py took 0.996 seconds
[2026-01-15T17:29:18.794+0000] {processor.py:161} INFO - Started process (PID=202) to work on /opt/airflow/dags/dag_prediction_feu.py
[2026-01-15T17:29:18.795+0000] {processor.py:830} INFO - Processing file /opt/airflow/dags/dag_prediction_feu.py for tasks to queue
[2026-01-15T17:29:18.796+0000] {logging_mixin.py:188} INFO - [2026-01-15T17:29:18.795+0000] {dagbag.py:545} INFO - Filling up the DagBag from /opt/airflow/dags/dag_prediction_feu.py
[2026-01-15T17:29:21.794+0000] {processor.py:840} INFO - DAG(s) 'prediction_risque_incendie_corse' retrieved from /opt/airflow/dags/dag_prediction_feu.py
[2026-01-15T17:29:21.815+0000] {logging_mixin.py:188} INFO - [2026-01-15T17:29:21.814+0000] {dag.py:3096} INFO - Sync 1 DAGs
[2026-01-15T17:29:21.829+0000] {logging_mixin.py:188} INFO - [2026-01-15T17:29:21.828+0000] {dag.py:3954} INFO - Setting next_dagrun for prediction_risque_incendie_corse to None, run_after=None
[2026-01-15T17:29:21.845+0000] {processor.py:183} INFO - Processing /opt/airflow/dags/dag_prediction_feu.py took 0.895 seconds
[2026-01-15T17:29:27.015+0000] {processor.py:161} INFO - Started process (PID=207) to work on /opt/airflow/dags/dag_prediction_feu.py
[2026-01-15T17:29:27.016+0000] {processor.py:830} INFO - Processing file /opt/airflow/dags/dag_prediction_feu.py for tasks to queue
[2026-01-15T17:29:27.018+0000] {logging_mixin.py:188} INFO - [2026-01-15T17:29:27.017+0000] {dagbag.py:545} INFO - Filling up the DagBag from /opt/airflow/dags/dag_prediction_feu.py
[2026-01-15T17:29:27.028+0000] {logging_mixin.py:188} INFO - [2026-01-15T17:29:27.027+0000] {dagbag.py:355} ERROR - Failed to import: /opt/airflow/dags/dag_prediction_feu.py
Traceback (most recent call last):
  File "/home/airflow/.local/lib/python3.10/site-packages/airflow/models/dagbag.py", line 351, in parse
    loader.exec_module(new_module)
  File "<frozen importlib._bootstrap_external>", line 879, in exec_module
  File "<frozen importlib._bootstrap_external>", line 1017, in get_code
  File "<frozen importlib._bootstrap_external>", line 947, in source_to_code
  File "<frozen importlib._bootstrap>", line 241, in _call_with_frames_removed
  File "/opt/airflow/dags/dag_prediction_feu.py", line 14
    = os.getenv("BACKEND_STORE_URI")
IndentationError: unexpected indent
[2026-01-15T17:29:27.028+0000] {processor.py:842} WARNING - No viable dags retrieved from /opt/airflow/dags/dag_prediction_feu.py
[2026-01-15T17:29:27.053+0000] {processor.py:183} INFO - Processing /opt/airflow/dags/dag_prediction_feu.py took 0.042 seconds
[2026-01-15T17:29:31.078+0000] {processor.py:161} INFO - Started process (PID=208) to work on /opt/airflow/dags/dag_prediction_feu.py
[2026-01-15T17:29:31.079+0000] {processor.py:830} INFO - Processing file /opt/airflow/dags/dag_prediction_feu.py for tasks to queue
[2026-01-15T17:29:31.079+0000] {logging_mixin.py:188} INFO - [2026-01-15T17:29:31.079+0000] {dagbag.py:545} INFO - Filling up the DagBag from /opt/airflow/dags/dag_prediction_feu.py
[2026-01-15T17:29:31.837+0000] {processor.py:840} INFO - DAG(s) 'prediction_risque_incendie_corse' retrieved from /opt/airflow/dags/dag_prediction_feu.py
[2026-01-15T17:29:31.856+0000] {logging_mixin.py:188} INFO - [2026-01-15T17:29:31.856+0000] {dag.py:3096} INFO - Sync 1 DAGs
[2026-01-15T17:29:31.866+0000] {logging_mixin.py:188} INFO - [2026-01-15T17:29:31.866+0000] {dag.py:3954} INFO - Setting next_dagrun for prediction_risque_incendie_corse to None, run_after=None
[2026-01-15T17:29:31.888+0000] {processor.py:183} INFO - Processing /opt/airflow/dags/dag_prediction_feu.py took 0.815 seconds
[2026-01-15T17:29:50.057+0000] {processor.py:161} INFO - Started process (PID=212) to work on /opt/airflow/dags/dag_prediction_feu.py
[2026-01-15T17:29:50.058+0000] {processor.py:830} INFO - Processing file /opt/airflow/dags/dag_prediction_feu.py for tasks to queue
[2026-01-15T17:29:50.060+0000] {logging_mixin.py:188} INFO - [2026-01-15T17:29:50.059+0000] {dagbag.py:545} INFO - Filling up the DagBag from /opt/airflow/dags/dag_prediction_feu.py
[2026-01-15T17:29:50.898+0000] {processor.py:840} INFO - DAG(s) 'prediction_risque_incendie_corse' retrieved from /opt/airflow/dags/dag_prediction_feu.py
[2026-01-15T17:29:50.930+0000] {logging_mixin.py:188} INFO - [2026-01-15T17:29:50.929+0000] {dag.py:3096} INFO - Sync 1 DAGs
[2026-01-15T17:29:50.941+0000] {logging_mixin.py:188} INFO - [2026-01-15T17:29:50.940+0000] {dag.py:3954} INFO - Setting next_dagrun for prediction_risque_incendie_corse to None, run_after=None
[2026-01-15T17:29:50.969+0000] {processor.py:183} INFO - Processing /opt/airflow/dags/dag_prediction_feu.py took 0.916 seconds
[2026-01-15T17:29:55.067+0000] {processor.py:161} INFO - Started process (PID=217) to work on /opt/airflow/dags/dag_prediction_feu.py
[2026-01-15T17:29:55.069+0000] {processor.py:830} INFO - Processing file /opt/airflow/dags/dag_prediction_feu.py for tasks to queue
[2026-01-15T17:29:55.070+0000] {logging_mixin.py:188} INFO - [2026-01-15T17:29:55.070+0000] {dagbag.py:545} INFO - Filling up the DagBag from /opt/airflow/dags/dag_prediction_feu.py
[2026-01-15T17:29:55.838+0000] {processor.py:840} INFO - DAG(s) 'prediction_risque_incendie_corse' retrieved from /opt/airflow/dags/dag_prediction_feu.py
[2026-01-15T17:29:55.862+0000] {logging_mixin.py:188} INFO - [2026-01-15T17:29:55.861+0000] {dag.py:3096} INFO - Sync 1 DAGs
[2026-01-15T17:29:55.872+0000] {logging_mixin.py:188} INFO - [2026-01-15T17:29:55.872+0000] {dag.py:3954} INFO - Setting next_dagrun for prediction_risque_incendie_corse to None, run_after=None
[2026-01-15T17:29:55.888+0000] {processor.py:183} INFO - Processing /opt/airflow/dags/dag_prediction_feu.py took 0.826 seconds
[2026-01-15T17:30:26.237+0000] {processor.py:161} INFO - Started process (PID=221) to work on /opt/airflow/dags/dag_prediction_feu.py
[2026-01-15T17:30:26.238+0000] {processor.py:830} INFO - Processing file /opt/airflow/dags/dag_prediction_feu.py for tasks to queue
[2026-01-15T17:30:26.239+0000] {logging_mixin.py:188} INFO - [2026-01-15T17:30:26.238+0000] {dagbag.py:545} INFO - Filling up the DagBag from /opt/airflow/dags/dag_prediction_feu.py
[2026-01-15T17:30:26.951+0000] {processor.py:840} INFO - DAG(s) 'prediction_risque_incendie_corse' retrieved from /opt/airflow/dags/dag_prediction_feu.py
[2026-01-15T17:30:26.987+0000] {logging_mixin.py:188} INFO - [2026-01-15T17:30:26.986+0000] {dag.py:3096} INFO - Sync 1 DAGs
[2026-01-15T17:30:26.998+0000] {logging_mixin.py:188} INFO - [2026-01-15T17:30:26.998+0000] {dag.py:3954} INFO - Setting next_dagrun for prediction_risque_incendie_corse to None, run_after=None
[2026-01-15T17:30:27.023+0000] {processor.py:183} INFO - Processing /opt/airflow/dags/dag_prediction_feu.py took 0.790 seconds
