[2026-01-15T13:31:21.571+0000] {manager.py:470} INFO - Processing files using up to 2 processes at a time 
[2026-01-15T13:31:21.576+0000] {manager.py:471} INFO - Process each file at most once every 30 seconds
[2026-01-15T13:31:21.578+0000] {manager.py:472} INFO - Checking for new files in /opt/airflow/dags every 300 seconds
[2026-01-15T13:31:21.580+0000] {manager.py:737} INFO - Searching for files in /opt/airflow/dags
[2026-01-15T13:31:21.584+0000] {manager.py:740} INFO - There are 0 files in /opt/airflow/dags
[2026-01-15T13:36:22.161+0000] {manager.py:737} INFO - Searching for files in /opt/airflow/dags
[2026-01-15T13:36:22.165+0000] {manager.py:740} INFO - There are 0 files in /opt/airflow/dags
[2026-01-15T13:41:22.617+0000] {manager.py:737} INFO - Searching for files in /opt/airflow/dags
[2026-01-15T13:41:22.620+0000] {manager.py:740} INFO - There are 0 files in /opt/airflow/dags
[2026-01-15T13:46:22.959+0000] {manager.py:737} INFO - Searching for files in /opt/airflow/dags
[2026-01-15T13:46:22.963+0000] {manager.py:740} INFO - There are 0 files in /opt/airflow/dags
[2026-01-15T13:51:23.264+0000] {manager.py:737} INFO - Searching for files in /opt/airflow/dags
[2026-01-15T13:51:23.267+0000] {manager.py:740} INFO - There are 0 files in /opt/airflow/dags
[2026-01-15T13:56:23.596+0000] {manager.py:737} INFO - Searching for files in /opt/airflow/dags
[2026-01-15T13:56:23.600+0000] {manager.py:740} INFO - There are 0 files in /opt/airflow/dags
[2026-01-15T14:01:24.986+0000] {manager.py:737} INFO - Searching for files in /opt/airflow/dags
[2026-01-15T14:01:24.991+0000] {manager.py:740} INFO - There are 0 files in /opt/airflow/dags
[2026-01-15T14:06:25.379+0000] {manager.py:737} INFO - Searching for files in /opt/airflow/dags
[2026-01-15T14:06:25.384+0000] {manager.py:740} INFO - There are 0 files in /opt/airflow/dags
[2026-01-15T14:11:25.885+0000] {manager.py:737} INFO - Searching for files in /opt/airflow/dags
[2026-01-15T14:11:25.888+0000] {manager.py:740} INFO - There are 0 files in /opt/airflow/dags
[2026-01-15T14:16:26.473+0000] {manager.py:737} INFO - Searching for files in /opt/airflow/dags
[2026-01-15T14:16:26.476+0000] {manager.py:740} INFO - There are 0 files in /opt/airflow/dags
[2026-01-15T14:21:27.045+0000] {manager.py:737} INFO - Searching for files in /opt/airflow/dags
[2026-01-15T14:21:27.050+0000] {manager.py:740} INFO - There are 0 files in /opt/airflow/dags
[2026-01-15T14:26:27.494+0000] {manager.py:737} INFO - Searching for files in /opt/airflow/dags
[2026-01-15T14:26:27.498+0000] {manager.py:740} INFO - There are 0 files in /opt/airflow/dags
[2026-01-15T14:31:27.926+0000] {manager.py:737} INFO - Searching for files in /opt/airflow/dags
[2026-01-15T14:31:27.929+0000] {manager.py:740} INFO - There are 0 files in /opt/airflow/dags
[2026-01-15T14:36:28.403+0000] {manager.py:737} INFO - Searching for files in /opt/airflow/dags
[2026-01-15T14:36:28.407+0000] {manager.py:740} INFO - There are 0 files in /opt/airflow/dags
[2026-01-15T14:41:29.002+0000] {manager.py:737} INFO - Searching for files in /opt/airflow/dags
[2026-01-15T14:41:29.005+0000] {manager.py:740} INFO - There are 0 files in /opt/airflow/dags
[2026-01-15T14:46:29.681+0000] {manager.py:737} INFO - Searching for files in /opt/airflow/dags
[2026-01-15T14:46:29.687+0000] {manager.py:740} INFO - There are 0 files in /opt/airflow/dags
[2026-01-15T14:51:30.337+0000] {manager.py:737} INFO - Searching for files in /opt/airflow/dags
[2026-01-15T14:51:30.342+0000] {manager.py:740} INFO - There are 0 files in /opt/airflow/dags
[2026-01-15T14:56:31.054+0000] {manager.py:737} INFO - Searching for files in /opt/airflow/dags
[2026-01-15T14:56:31.060+0000] {manager.py:740} INFO - There are 0 files in /opt/airflow/dags
[2026-01-15T15:01:31.684+0000] {manager.py:737} INFO - Searching for files in /opt/airflow/dags
[2026-01-15T15:01:31.688+0000] {manager.py:740} INFO - There are 0 files in /opt/airflow/dags
[2026-01-15T15:06:32.297+0000] {manager.py:737} INFO - Searching for files in /opt/airflow/dags
[2026-01-15T15:06:32.303+0000] {manager.py:740} INFO - There are 0 files in /opt/airflow/dags
[2026-01-15T15:11:32.898+0000] {manager.py:737} INFO - Searching for files in /opt/airflow/dags
[2026-01-15T15:11:32.902+0000] {manager.py:740} INFO - There are 0 files in /opt/airflow/dags
[2026-01-15T15:16:33.460+0000] {manager.py:737} INFO - Searching for files in /opt/airflow/dags
[2026-01-15T15:16:33.463+0000] {manager.py:740} INFO - There are 0 files in /opt/airflow/dags
